<?xml version="1.0" encoding="UTF-8"?>
<testng-results skipped="0" failed="0" ignored="0" total="1" passed="1">
  <reporter-output>
  </reporter-output>
  <suite name="Default suite" duration-ms="3547" started-at="2020-02-27T20:39:58Z" finished-at="2020-02-27T20:40:01Z">
    <groups>
    </groups>
    <test name="Default test" duration-ms="3547" started-at="2020-02-27T20:39:58Z" finished-at="2020-02-27T20:40:01Z">
      <class name="Basics3">
        <test-method status="PASS" signature="addPlace()[pri:0, instance:Basics3@1f28c152]" name="addPlace" duration-ms="3482" started-at="2020-02-27T20:39:58Z" finished-at="2020-02-27T20:40:01Z">
          <reporter-output>
          </reporter-output>
        </test-method> <!-- addPlace -->
      </class> <!-- Basics3 -->
    </test> <!-- Default test -->
  </suite> <!-- Default suite -->
</testng-results>
